*   a09dd22 (HEAD -> main) Merge branch 'add-feature' ejercicio 2
|\  
| * ed6a252 (add-feature) commit 1
|/  
*   c3b1f87 Merge branch 'feature-1' Ejercicio 1 de act7
|\  
| * 7d90058 (feature-1) actividad 7
* | 92adb46 (origin/main, origin/HEAD) laboratorio 6
* | 08a97e0 Laboratorio 5
|/  
* 95e982c Actividad 6 corregida
* 5bb987f Activida 6
* ea97e5b Actividad 5
* c712cd8 Desarrollo de app.py
* df85f1c modificacion en syscheck.sh. Corre Ok
* 9b5b6d1 Prueba de entrada - syscheck.sh
* bd5dc47 Prueba de entrada
* ac13a1c Punto 4.3
* c947ed0 Dia 1-Comparativos e imagenes base
* c896598 parte 4.2
* 4ee5bc0 Desarrollo 4.1
* 5f1caa5 Se agrego fuentes
* f9f5587 Estructura de actividad 1
